[0.053s] Invoking command in '/home/student/ros2_ws/build/sprint3': CMAKE_PREFIX_PATH=${CMAKE_PREFIX_PATH}:/home/student/ros2_ws/install/turtlebot3_teleop:/home/student/ros2_ws/install/turtlebot3_example:/home/student/ros2_ws/install/rtabmap_python:/opt/ros/humble /usr/bin/cmake --build /home/student/ros2_ws/build/sprint3 -- -j8 -l8
[0.331s] -- Found ament_cmake: 1.3.10 (/opt/ros/humble/share/ament_cmake/cmake)
[1.052s] -- Found rclcpp: 16.0.10 (/opt/ros/humble/share/rclcpp/cmake)
[1.291s] -- Found rosidl_generator_c: 3.1.5 (/opt/ros/humble/share/rosidl_generator_c/cmake)
[1.301s] -- Found rosidl_adapter: 3.1.5 (/opt/ros/humble/share/rosidl_adapter/cmake)
[1.363s] -- Found rosidl_generator_cpp: 3.1.5 (/opt/ros/humble/share/rosidl_generator_cpp/cmake)
[1.488s] -- Using all available rosidl_typesupport_c: rosidl_typesupport_fastrtps_c;rosidl_typesupport_introspection_c
[1.581s] -- Using all available rosidl_typesupport_cpp: rosidl_typesupport_fastrtps_cpp;rosidl_typesupport_introspection_cpp
[1.888s] -- Found rmw_implementation_cmake: 6.1.2 (/opt/ros/humble/share/rmw_implementation_cmake/cmake)
[1.910s] -- Found rmw_fastrtps_cpp: 6.2.7 (/opt/ros/humble/share/rmw_fastrtps_cpp/cmake)
[2.475s] -- Using RMW implementation 'rmw_fastrtps_cpp' as default
[2.949s] -- Found nav_msgs: 4.2.4 (/opt/ros/humble/share/nav_msgs/cmake)
[3.253s] -- Found sensor_msgs: 4.2.4 (/opt/ros/humble/share/sensor_msgs/cmake)
[3.319s] -- Found tf2: 0.25.7 (/opt/ros/humble/share/tf2/cmake)
[3.354s] -- Found tf2_ros: 0.25.7 (/opt/ros/humble/share/tf2_ros/cmake)
[3.859s] -- Found visualization_msgs: 4.2.4 (/opt/ros/humble/share/visualization_msgs/cmake)
[3.969s] -- Found tf2_geometry_msgs: 0.25.7 (/opt/ros/humble/share/tf2_geometry_msgs/cmake)
[4.011s] -- Found eigen3_cmake_module: 0.1.1 (/opt/ros/humble/share/eigen3_cmake_module/cmake)
[4.018s] -- Ensuring Eigen3 include directory is part of orocos-kdl CMake target
[4.027s] -- Found gazebo_ros: 3.7.0 (/opt/ros/humble/share/gazebo_ros/cmake)
[4.277s] -- Found DART: /usr/include (Required is at least version "6.6") found components: dart 
[4.539s] -- Found Protobuf: /usr/lib/x86_64-linux-gnu/libprotobuf.so (found version "3.12.4") 
[4.560s] -- Looking for ignition-math6 -- found version 6.15.1
[4.609s] -- Searching for dependencies of ignition-math6
[4.624s] -- Looking for OGRE...
[4.643s] -- Found Ogre Ghadamon (1.9.0)
[4.652s] -- Found OGRE: optimized;/usr/lib/x86_64-linux-gnu/libOgreMain.so;debug;/usr/lib/x86_64-linux-gnu/libOgreMain.so
[4.697s] -- Looking for OGRE_Paging...
[4.703s] -- Found OGRE_Paging: optimized;/usr/lib/x86_64-linux-gnu/libOgrePaging.so;debug;/usr/lib/x86_64-linux-gnu/libOgrePaging.so
[4.704s] -- Looking for OGRE_Terrain...
[4.704s] -- Found OGRE_Terrain: optimized;/usr/lib/x86_64-linux-gnu/libOgreTerrain.so;debug;/usr/lib/x86_64-linux-gnu/libOgreTerrain.so
[4.704s] -- Looking for OGRE_Property...
[4.704s] -- Found OGRE_Property: optimized;/usr/lib/x86_64-linux-gnu/libOgreProperty.so;debug;/usr/lib/x86_64-linux-gnu/libOgreProperty.so
[4.704s] -- Looking for OGRE_RTShaderSystem...
[4.704s] -- Found OGRE_RTShaderSystem: optimized;/usr/lib/x86_64-linux-gnu/libOgreRTShaderSystem.so;debug;/usr/lib/x86_64-linux-gnu/libOgreRTShaderSystem.so
[4.704s] -- Looking for OGRE_Volume...
[4.705s] -- Found OGRE_Volume: optimized;/usr/lib/x86_64-linux-gnu/libOgreVolume.so;debug;/usr/lib/x86_64-linux-gnu/libOgreVolume.so
[4.705s] -- Looking for OGRE_Overlay...
[4.705s] -- Found OGRE_Overlay: optimized;/usr/lib/x86_64-linux-gnu/libOgreOverlay.so;debug;/usr/lib/x86_64-linux-gnu/libOgreOverlay.so
[5.562s] -- Looking for ignition-math6 -- found version 6.15.1
[5.568s] -- Looking for ignition-transport8 -- found version 8.2.1
[5.572s] -- Searching for dependencies of ignition-transport8
[5.639s] -- Found Protobuf: /usr/lib/x86_64-linux-gnu/libprotobuf.so (found suitable version "3.12.4", minimum required is "3") 
[5.706s] -- Config-file not installed for ZeroMQ -- checking for pkg-config
[5.725s] -- Checking for module 'libzmq >= 4'
[5.835s] --   Found libzmq , version 4.3.4
[5.998s] -- Checking for module 'uuid'
[6.089s] --   Found uuid, version 2.37.2
[6.291s] -- Looking for ignition-msgs5 -- found version 5.8.1
[6.292s] -- Searching for dependencies of ignition-msgs5
[6.376s] -- Looking for ignition-math6 -- found version 6.15.1
[6.401s] -- Checking for module 'tinyxml2'
[6.453s] --   Found tinyxml2, version 9.0.0
[6.668s] -- Looking for ignition-msgs5 -- found version 5.8.1
[6.679s] -- Looking for ignition-common3 -- found version 3.14.0
[6.679s] -- Searching for dependencies of ignition-common3
[6.683s] -- Looking for dlfcn.h - found
[6.684s] -- Looking for libdl - found
[6.727s] -- Searching for <ignition-common3> component [graphics]
[6.732s] -- Looking for ignition-common3-graphics -- found version 3.14.0
[6.735s] -- Searching for dependencies of ignition-common3-graphics
[6.735s] -- Looking for ignition-math6 -- found version 6.15.1
[6.743s] -- Looking for ignition-fuel_tools4 -- found version 4.4.0
[6.754s] -- Searching for dependencies of ignition-fuel_tools4
[6.947s] -- Checking for module 'jsoncpp'
[7.029s] --   Found jsoncpp, version 1.9.5
[7.177s] -- Checking for module 'libzip'
[7.258s] --   Found libzip, version 1.7.3
[7.392s] -- Looking for ignition-common3 -- found version 3.14.0
[7.393s] -- Looking for ignition-math6 -- found version 6.15.1
[7.405s] -- Looking for ignition-msgs5 -- found version 5.8.1
[7.430s] -- Gazebo version: 11.10
[7.501s] -- Found ament_lint_auto: 0.12.11 (/opt/ros/humble/share/ament_lint_auto/cmake)
[7.882s] -- Added test 'cppcheck' to perform static code analysis on C / C++ code
[7.883s] -- Configured cppcheck include dirs: 
[7.883s] -- Configured cppcheck exclude dirs and/or files: 
[7.895s] -- Added test 'lint_cmake' to check CMake code style
[7.903s] -- Added test 'uncrustify' to check C / C++ code style
[7.903s] -- Configured uncrustify additional arguments: 
[7.917s] -- Added test 'xmllint' to check XML markup files
[7.923s] -- Configuring done
[8.039s] -- Generating done
[8.060s] -- Build files have been written to: /home/student/ros2_ws/build/sprint3
[8.208s] [35m[1mConsolidate compiler generated dependencies of target map_overlay_node[0m
[8.285s] [ 50%] Built target map_overlay_node
[8.350s] [35m[1mConsolidate compiler generated dependencies of target cylinder_detection_node[0m
[8.468s] [ 75%] [32mBuilding CXX object CMakeFiles/cylinder_detection_node.dir/src/cylinder_detection_node.cpp.o[0m
[9.360s] [01m[K/home/student/ros2_ws/src/sprint3/src/cylinder_detection_node.cpp:3:10:[m[K [01;31m[Kfatal error: [m[Knav_msgs/msg/occupancy_grid.hpp: No such file or directory
[9.361s]     3 | #include [01;31m[K"nav_msgs/msg/occupancy_grid.hpp"[m[K
[9.361s]       |          [01;31m[K^~~~~~~~~~~~~~~~~~~~~~~~~~~~~~~~~[m[K
[9.361s] compilation terminated.
[9.370s] gmake[2]: *** [CMakeFiles/cylinder_detection_node.dir/build.make:76: CMakeFiles/cylinder_detection_node.dir/src/cylinder_detection_node.cpp.o] Error 1
[9.371s] gmake[1]: *** [CMakeFiles/Makefile2:165: CMakeFiles/cylinder_detection_node.dir/all] Error 2
[9.371s] gmake: *** [Makefile:146: all] Error 2
[9.391s] Invoked command in '/home/student/ros2_ws/build/sprint3' returned '2': CMAKE_PREFIX_PATH=${CMAKE_PREFIX_PATH}:/home/student/ros2_ws/install/turtlebot3_teleop:/home/student/ros2_ws/install/turtlebot3_example:/home/student/ros2_ws/install/rtabmap_python:/opt/ros/humble /usr/bin/cmake --build /home/student/ros2_ws/build/sprint3 -- -j8 -l8
