[01m[K/home/student/ros2_ws/src/my_opencv_demo/src/scan_to_image_node.cpp:[m[K In constructor â€˜[01m[KScanToImageNode::ScanToImageNode()[m[Kâ€™:
[01m[K/home/student/ros2_ws/src/my_opencv_demo/src/scan_to_image_node.cpp:9:104:[m[K [01;31m[Kerror: [m[Kclass â€˜[01m[KScanToImageNode[m[Kâ€™ does not have any field named â€˜[01m[Kfirst_scan_received_[m[Kâ€™
    9 |     ScanToImageNode() : Node("scan_to_image_node"), angle_difference_(0.0), relative_orientaion_(0.0), [01;31m[Kfirst_scan_received_[m[K(false) {
      |                                                                                                        [01;31m[K^~~~~~~~~~~~~~~~~~~~[m[K
[01m[K/home/student/ros2_ws/src/my_opencv_demo/src/scan_to_image_node.cpp:[m[K In member function â€˜[01m[Kvoid ScanToImageNode::scanCallback(sensor_msgs::msg::LaserScan_<std::allocator<void> >::SharedPtr)[m[Kâ€™:
[01m[K/home/student/ros2_ws/src/my_opencv_demo/src/scan_to_image_node.cpp:28:9:[m[K [01;31m[Kerror: [m[Kâ€˜[01m[Kcurrent_image_[m[Kâ€™ was not declared in this scope; did you mean â€˜[01m[Kfirst_image_[m[Kâ€™?
   28 |         [01;31m[Kcurrent_image_[m[K = laserScanToMat(msg);
      |         [01;31m[K^~~~~~~~~~~~~~[m[K
      |         [32m[Kfirst_image_[m[K
[01m[K/home/student/ros2_ws/src/my_opencv_demo/src/scan_to_image_node.cpp:30:13:[m[K [01;31m[Kerror: [m[Kâ€˜[01m[Kfirst_scan_received_[m[Kâ€™ was not declared in this scope
   30 |         if ([01;31m[Kfirst_scan_received_[m[K) {
      |             [01;31m[K^~~~~~~~~~~~~~~~~~~~[m[K
[01m[K/home/student/ros2_ws/src/my_opencv_demo/src/scan_to_image_node.cpp:34:9:[m[K [01;31m[Kerror: [m[Kâ€˜[01m[Kprevious_image_[m[Kâ€™ was not declared in this scope
   34 |         [01;31m[Kprevious_image_[m[K = current_image_.clone();
      |         [01;31m[K^~~~~~~~~~~~~~~[m[K
[01m[K/home/student/ros2_ws/src/my_opencv_demo/src/scan_to_image_node.cpp:35:9:[m[K [01;31m[Kerror: [m[Kâ€˜[01m[Kfirst_scan_received_[m[Kâ€™ was not declared in this scope
   35 |         [01;31m[Kfirst_scan_received_[m[K = true;
      |         [01;31m[K^~~~~~~~~~~~~~~~~~~~[m[K
[01m[K/home/student/ros2_ws/src/my_opencv_demo/src/scan_to_image_node.cpp:[m[K In member function â€˜[01m[Kvoid ScanToImageNode::calculateYawChange()[m[Kâ€™:
[01m[K/home/student/ros2_ws/src/my_opencv_demo/src/scan_to_image_node.cpp:79:32:[m[K [01;31m[Kerror: [m[Kâ€˜[01m[Kprevious_image_[m[Kâ€™ was not declared in this scope
   79 |         detectAndMatchFeatures([01;31m[Kprevious_image_[m[K, current_image_, srcPoints, dstPoints);
      |                                [01;31m[K^~~~~~~~~~~~~~~[m[K
[01m[K/home/student/ros2_ws/src/my_opencv_demo/src/scan_to_image_node.cpp:79:49:[m[K [01;31m[Kerror: [m[Kâ€˜[01m[Kcurrent_image_[m[Kâ€™ was not declared in this scope; did you mean â€˜[01m[Kfirst_image_[m[Kâ€™?
   79 |         detectAndMatchFeatures(previous_image_, [01;31m[Kcurrent_image_[m[K, srcPoints, dstPoints);
      |                                                 [01;31m[K^~~~~~~~~~~~~~[m[K
      |                                                 [32m[Kfirst_image_[m[K
gmake[2]: *** [CMakeFiles/scan_to_image_node.dir/build.make:76: CMakeFiles/scan_to_image_node.dir/src/scan_to_image_node.cpp.o] Error 1
gmake[1]: *** [CMakeFiles/Makefile2:221: CMakeFiles/scan_to_image_node.dir/all] Error 2
gmake: *** [Makefile:146: all] Error 2
