[0.058s] Invoking command in '/home/student/ros2_ws/build/sprint3': CMAKE_PREFIX_PATH=${CMAKE_PREFIX_PATH}:/home/student/ros2_ws/install/turtlebot3_teleop:/home/student/ros2_ws/install/turtlebot3_example:/home/student/ros2_ws/install/rtabmap_python:/opt/ros/humble /usr/bin/cmake --build /home/student/ros2_ws/build/sprint3 -- -j8 -l8
[0.280s] [ 50%] Built target map_overlay_node
[0.318s] [35m[1mConsolidate compiler generated dependencies of target cylinder_detection_node[0m
[0.431s] [ 75%] [32mBuilding CXX object CMakeFiles/cylinder_detection_node.dir/src/cylinder_detection_node.cpp.o[0m
[6.540s] [01m[K/home/student/ros2_ws/src/sprint3/src/cylinder_detection_node.cpp:[m[K In constructor â€˜[01m[KCylinderDetectionNode::CylinderDetectionNode()[m[Kâ€™:
[6.541s] [01m[K/home/student/ros2_ws/src/sprint3/src/cylinder_detection_node.cpp:11:9:[m[K [01;31m[Kerror: [m[Kâ€˜[01m[Kmap_pub_[m[Kâ€™ was not declared in this scope; did you mean â€˜[01m[Kmap_sub_[m[Kâ€™?
[6.542s]    11 |         [01;31m[Kmap_pub_[m[K = this->create_publisher<nav_msgs::msg::OccupancyGrid>("updated_map", 10);
[6.543s]       |         [01;31m[K^~~~~~~~[m[K
[6.544s]       |         [32m[Kmap_sub_[m[K
[6.595s] [01m[K/home/student/ros2_ws/src/sprint3/src/cylinder_detection_node.cpp:[m[K In member function â€˜[01m[Kvoid CylinderDetectionNode::updateMapWithCylinder(float, float)[m[Kâ€™:
[6.596s] [01m[K/home/student/ros2_ws/src/sprint3/src/cylinder_detection_node.cpp:75:5:[m[K [01;31m[Kerror: [m[Kâ€˜[01m[Kmap_pub_[m[Kâ€™ was not declared in this scope; did you mean â€˜[01m[Kmap_sub_[m[Kâ€™?
[6.596s]    75 |     [01;31m[Kmap_pub_[m[K->publish(map_data_);
[6.596s]       |     [01;31m[K^~~~~~~~[m[K
[6.596s]       |     [32m[Kmap_sub_[m[K
[14.882s] gmake[2]: *** [CMakeFiles/cylinder_detection_node.dir/build.make:76: CMakeFiles/cylinder_detection_node.dir/src/cylinder_detection_node.cpp.o] Error 1
[14.882s] gmake[1]: *** [CMakeFiles/Makefile2:165: CMakeFiles/cylinder_detection_node.dir/all] Error 2
[14.882s] gmake: *** [Makefile:146: all] Error 2
[14.885s] Invoked command in '/home/student/ros2_ws/build/sprint3' returned '2': CMAKE_PREFIX_PATH=${CMAKE_PREFIX_PATH}:/home/student/ros2_ws/install/turtlebot3_teleop:/home/student/ros2_ws/install/turtlebot3_example:/home/student/ros2_ws/install/rtabmap_python:/opt/ros/humble /usr/bin/cmake --build /home/student/ros2_ws/build/sprint3 -- -j8 -l8
