[0.013s] Invoking command in '/home/student/ros2_ws/src/labs/build/labs': CMAKE_PREFIX_PATH=${CMAKE_PREFIX_PATH}:/home/student/ros2_ws/install/turtlebot3_teleop:/home/student/ros2_ws/install/turtlebot3_example:/opt/ros/humble /usr/bin/cmake --build /home/student/ros2_ws/src/labs/build/labs -- -j8 -l8
[0.203s] [ 33%] Built target lab1
[0.236s] [35m[1mConsolidate compiler generated dependencies of target sprint1[0m
[0.299s] [ 50%] [32mBuilding CXX object CMakeFiles/sprint1.dir/src/sprint1.cpp.o[0m
[4.628s] [01m[K/home/student/ros2_ws/src/labs/src/sprint1.cpp:[m[K In member function â€˜[01m[Kvoid LaserScanProcessor::scanCallback(sensor_msgs::msg::LaserScan_<std::allocator<void> >::SharedPtr)[m[Kâ€™:
[4.629s] [01m[K/home/student/ros2_ws/src/labs/src/sprint1.cpp:37:35:[m[K [01;31m[Kerror: [m[Kexpected â€˜[01m[K;[m[Kâ€™ before â€˜[01m[Kcan[m[Kâ€™
[4.630s]    37 |         new_scan->angle_increment [01;31m[Kcan[m[K->angle_increment * nth;
[4.630s]       |                                   [01;31m[K^~~[m[K
[9.433s] gmake[2]: *** [CMakeFiles/sprint1.dir/build.make:76: CMakeFiles/sprint1.dir/src/sprint1.cpp.o] Error 1
[9.433s] gmake[1]: *** [CMakeFiles/Makefile2:193: CMakeFiles/sprint1.dir/all] Error 2
[9.433s] gmake: *** [Makefile:146: all] Error 2
[9.436s] Invoked command in '/home/student/ros2_ws/src/labs/build/labs' returned '2': CMAKE_PREFIX_PATH=${CMAKE_PREFIX_PATH}:/home/student/ros2_ws/install/turtlebot3_teleop:/home/student/ros2_ws/install/turtlebot3_example:/opt/ros/humble /usr/bin/cmake --build /home/student/ros2_ws/src/labs/build/labs -- -j8 -l8
