[0.050s] Invoking command in '/home/student/ros2_ws/build/sprint3': CMAKE_PREFIX_PATH=${CMAKE_PREFIX_PATH}:/home/student/ros2_ws/install/turtlebot3_teleop:/home/student/ros2_ws/install/turtlebot3_example:/home/student/ros2_ws/install/rtabmap_python:/opt/ros/humble /usr/bin/cmake --build /home/student/ros2_ws/build/sprint3 -- -j8 -l8
[0.292s] [ 50%] Built target map_overlay_node
[0.374s] [35m[1mConsolidate compiler generated dependencies of target cylinder_detection_node[0m
[0.472s] [ 75%] [32mBuilding CXX object CMakeFiles/cylinder_detection_node.dir/src/cylinder_detection_node.cpp.o[0m
[8.862s] [01m[K/home/student/ros2_ws/src/sprint3/src/cylinder_detection_node.cpp:[m[K In member function â€˜[01m[Kvoid CylinderDetectionNode::publishCylinderMarker(float, float, float)[m[Kâ€™:
[8.863s] [01m[K/home/student/ros2_ws/src/sprint3/src/cylinder_detection_node.cpp:82:56:[m[K [01;35m[Kwarning: [m[Kunused parameter â€˜[01m[Kz[m[Kâ€™ [[01;35m[K]8;;https://gcc.gnu.org/onlinedocs/gcc/Warning-Options.html#index-Wunused-parameter-Wunused-parameter]8;;[m[K]
[8.863s]    82 |     void publishCylinderMarker(float x, float y, [01;35m[Kfloat z[m[K)
[8.865s]       |                                                  [01;35m[K~~~~~~^[m[K
[25.410s] gmake[2]: *** [CMakeFiles/cylinder_detection_node.dir/build.make:76: CMakeFiles/cylinder_detection_node.dir/src/cylinder_detection_node.cpp.o] Interrupt
[25.411s] gmake[1]: *** [CMakeFiles/Makefile2:165: CMakeFiles/cylinder_detection_node.dir/all] Interrupt
[25.411s] gmake: *** [Makefile:146: all] Interrupt
[25.436s] Invoked command in '/home/student/ros2_ws/build/sprint3' returned '-2': CMAKE_PREFIX_PATH=${CMAKE_PREFIX_PATH}:/home/student/ros2_ws/install/turtlebot3_teleop:/home/student/ros2_ws/install/turtlebot3_example:/home/student/ros2_ws/install/rtabmap_python:/opt/ros/humble /usr/bin/cmake --build /home/student/ros2_ws/build/sprint3 -- -j8 -l8
