In file included from [01m[K/home/student/ros2_ws/src/sprint3/src/cylinder_detection_node.cpp:8[m[K:
[01m[K/opt/ros/humble/include/tf2_geometry_msgs/tf2_geometry_msgs/tf2_geometry_msgs.h:35:2:[m[K [01;35m[Kwarning: [m[K#warning This header is obsolete, please include tf2_geometry_msgs/tf2_geometry_msgs.hpp instead [[01;35m[K]8;;https://gcc.gnu.org/onlinedocs/gcc/Warning-Options.html#index-Wcpp-Wcpp]8;;[m[K]
   35 | #[01;35m[Kwarning[m[K This header is obsolete, please include tf2_geometry_msgs/tf2_geometry_msgs.hpp instead
      |  [01;35m[K^~~~~~~[m[K
[01m[K/home/student/ros2_ws/src/sprint3/src/cylinder_adder_node.cpp:3:10:[m[K [01;31m[Kfatal error: [m[Kgazebo_ros/gazebo_ros.hpp: No such file or directory
    3 | #include [01;31m[K"gazebo_ros/gazebo_ros.hpp"[m[K
      |          [01;31m[K^~~~~~~~~~~~~~~~~~~~~~~~~~~[m[K
compilation terminated.
gmake[2]: *** [CMakeFiles/cylinder_adder_node.dir/build.make:76: CMakeFiles/cylinder_adder_node.dir/src/cylinder_adder_node.cpp.o] Error 1
gmake[1]: *** [CMakeFiles/Makefile2:193: CMakeFiles/cylinder_adder_node.dir/all] Error 2
gmake[1]: *** Waiting for unfinished jobs....
gmake: *** [Makefile:146: all] Error 2
