[0.046s] Invoking command in '/home/student/ros2_ws/build/sprint3': CMAKE_PREFIX_PATH=${CMAKE_PREFIX_PATH}:/home/student/ros2_ws/install/turtlebot3_teleop:/home/student/ros2_ws/install/rtabmap_python:/opt/ros/humble /usr/bin/cmake /home/student/ros2_ws/src/sprint3 -DCMAKE_BUILD_TYPE=Release -DCMAKE_INSTALL_PREFIX=/home/student/ros2_ws/install/sprint3
[4.332s] -- Found ament_cmake: 1.3.10 (/opt/ros/humble/share/ament_cmake/cmake)
[4.332s] -- Found rclcpp: 16.0.10 (/opt/ros/humble/share/rclcpp/cmake)
[4.332s] -- Found rosidl_generator_c: 3.1.5 (/opt/ros/humble/share/rosidl_generator_c/cmake)
[4.335s] -- Found rosidl_adapter: 3.1.5 (/opt/ros/humble/share/rosidl_adapter/cmake)
[4.335s] -- Found rosidl_generator_cpp: 3.1.5 (/opt/ros/humble/share/rosidl_generator_cpp/cmake)
[4.335s] -- Using all available rosidl_typesupport_c: rosidl_typesupport_fastrtps_c;rosidl_typesupport_introspection_c
[4.335s] -- Using all available rosidl_typesupport_cpp: rosidl_typesupport_fastrtps_cpp;rosidl_typesupport_introspection_cpp
[4.335s] -- Found rmw_implementation_cmake: 6.1.2 (/opt/ros/humble/share/rmw_implementation_cmake/cmake)
[4.336s] -- Found rmw_fastrtps_cpp: 6.2.7 (/opt/ros/humble/share/rmw_fastrtps_cpp/cmake)
[4.336s] -- Using RMW implementation 'rmw_fastrtps_cpp' as default
[4.336s] -- Found nav_msgs: 4.2.4 (/opt/ros/humble/share/nav_msgs/cmake)
[4.336s] -- Found sensor_msgs: 4.2.4 (/opt/ros/humble/share/sensor_msgs/cmake)
[4.336s] -- Found tf2: 0.25.7 (/opt/ros/humble/share/tf2/cmake)
[4.337s] -- Found tf2_ros: 0.25.7 (/opt/ros/humble/share/tf2_ros/cmake)
[4.337s] -- Found visualization_msgs: 4.2.4 (/opt/ros/humble/share/visualization_msgs/cmake)
[4.337s] -- Found tf2_geometry_msgs: 0.25.7 (/opt/ros/humble/share/tf2_geometry_msgs/cmake)
[4.337s] -- Found eigen3_cmake_module: 0.1.1 (/opt/ros/humble/share/eigen3_cmake_module/cmake)
[4.338s] -- Ensuring Eigen3 include directory is part of orocos-kdl CMake target
[4.341s] -- Found gazebo_ros: 3.7.0 (/opt/ros/humble/share/gazebo_ros/cmake)
[4.342s] -- Found DART: /usr/include (Required is at least version "6.6") found components: dart 
[4.342s] -- Found Protobuf: /usr/lib/x86_64-linux-gnu/libprotobuf.so (found version "3.12.4") 
[4.342s] -- Looking for ignition-math6 -- found version 6.15.1
[4.342s] -- Searching for dependencies of ignition-math6
[4.342s] -- Looking for OGRE...
[4.343s] -- Found Ogre Ghadamon (1.9.0)
[4.343s] -- Found OGRE: optimized;/usr/lib/x86_64-linux-gnu/libOgreMain.so;debug;/usr/lib/x86_64-linux-gnu/libOgreMain.so
[4.343s] -- Looking for OGRE_Paging...
[4.343s] -- Found OGRE_Paging: optimized;/usr/lib/x86_64-linux-gnu/libOgrePaging.so;debug;/usr/lib/x86_64-linux-gnu/libOgrePaging.so
[4.343s] -- Looking for OGRE_Terrain...
[4.343s] -- Found OGRE_Terrain: optimized;/usr/lib/x86_64-linux-gnu/libOgreTerrain.so;debug;/usr/lib/x86_64-linux-gnu/libOgreTerrain.so
[4.344s] -- Looking for OGRE_Property...
[4.344s] -- Found OGRE_Property: optimized;/usr/lib/x86_64-linux-gnu/libOgreProperty.so;debug;/usr/lib/x86_64-linux-gnu/libOgreProperty.so
[4.344s] -- Looking for OGRE_RTShaderSystem...
[4.344s] -- Found OGRE_RTShaderSystem: optimized;/usr/lib/x86_64-linux-gnu/libOgreRTShaderSystem.so;debug;/usr/lib/x86_64-linux-gnu/libOgreRTShaderSystem.so
[4.344s] -- Looking for OGRE_Volume...
[4.344s] -- Found OGRE_Volume: optimized;/usr/lib/x86_64-linux-gnu/libOgreVolume.so;debug;/usr/lib/x86_64-linux-gnu/libOgreVolume.so
[4.345s] -- Looking for OGRE_Overlay...
[4.345s] -- Found OGRE_Overlay: optimized;/usr/lib/x86_64-linux-gnu/libOgreOverlay.so;debug;/usr/lib/x86_64-linux-gnu/libOgreOverlay.so
[4.345s] -- Looking for ignition-math6 -- found version 6.15.1
[4.345s] -- Looking for ignition-transport8 -- found version 8.2.1
[4.345s] -- Searching for dependencies of ignition-transport8
[4.349s] -- Found Protobuf: /usr/lib/x86_64-linux-gnu/libprotobuf.so (found suitable version "3.12.4", minimum required is "3") 
[4.350s] -- Config-file not installed for ZeroMQ -- checking for pkg-config
[4.350s] -- Checking for module 'libzmq >= 4'
[4.350s] --   Found libzmq , version 4.3.4
[4.350s] -- Checking for module 'uuid'
[4.350s] --   Found uuid, version 2.37.2
[4.351s] -- Looking for ignition-msgs5 -- found version 5.8.1
[4.351s] -- Searching for dependencies of ignition-msgs5
[4.351s] -- Looking for ignition-math6 -- found version 6.15.1
[4.351s] -- Checking for module 'tinyxml2'
[4.351s] --   Found tinyxml2, version 9.0.0
[4.351s] -- Looking for ignition-msgs5 -- found version 5.8.1
[4.352s] -- Looking for ignition-common3 -- found version 3.14.0
[4.352s] -- Searching for dependencies of ignition-common3
[4.352s] -- Looking for dlfcn.h - found
[4.352s] -- Looking for libdl - found
[4.352s] -- Searching for <ignition-common3> component [graphics]
[4.352s] -- Looking for ignition-common3-graphics -- found version 3.14.0
[4.353s] -- Searching for dependencies of ignition-common3-graphics
[4.353s] -- Looking for ignition-math6 -- found version 6.15.1
[4.353s] -- Looking for ignition-fuel_tools4 -- found version 4.4.0
[4.353s] -- Searching for dependencies of ignition-fuel_tools4
[4.353s] -- Checking for module 'jsoncpp'
[4.354s] --   Found jsoncpp, version 1.9.5
[4.354s] -- Checking for module 'libzip'
[4.355s] --   Found libzip, version 1.7.3
[4.356s] -- Looking for ignition-common3 -- found version 3.14.0
[4.356s] -- Looking for ignition-math6 -- found version 6.15.1
[4.356s] -- Looking for ignition-msgs5 -- found version 5.8.1
[4.356s] -- Gazebo version: 11.10
[4.358s] -- Found ament_lint_auto: 0.12.11 (/opt/ros/humble/share/ament_lint_auto/cmake)
[4.483s] -- Added test 'cppcheck' to perform static code analysis on C / C++ code
[4.484s] -- Configured cppcheck include dirs: 
[4.484s] -- Configured cppcheck exclude dirs and/or files: 
[4.491s] -- Added test 'lint_cmake' to check CMake code style
[4.493s] -- Added test 'uncrustify' to check C / C++ code style
[4.493s] -- Configured uncrustify additional arguments: 
[4.493s] -- Added test 'xmllint' to check XML markup files
[4.647s] -- Configuring done
[4.842s] -- Generating done
[4.856s] -- Build files have been written to: /home/student/ros2_ws/build/sprint3
[4.916s] Invoked command in '/home/student/ros2_ws/build/sprint3' returned '0': CMAKE_PREFIX_PATH=${CMAKE_PREFIX_PATH}:/home/student/ros2_ws/install/turtlebot3_teleop:/home/student/ros2_ws/install/rtabmap_python:/opt/ros/humble /usr/bin/cmake /home/student/ros2_ws/src/sprint3 -DCMAKE_BUILD_TYPE=Release -DCMAKE_INSTALL_PREFIX=/home/student/ros2_ws/install/sprint3
[4.917s] Invoking command in '/home/student/ros2_ws/build/sprint3': CMAKE_PREFIX_PATH=${CMAKE_PREFIX_PATH}:/home/student/ros2_ws/install/turtlebot3_teleop:/home/student/ros2_ws/install/rtabmap_python:/opt/ros/humble /usr/bin/cmake --build /home/student/ros2_ws/build/sprint3
[7.306s] [35m[1mConsolidate compiler generated dependencies of target map_overlay_node[0m
[7.306s] [ 16%] [32mBuilding CXX object CMakeFiles/cylinder_detection_node.dir/src/cylinder_detection_node.cpp.o[0m
[7.306s] [ 33%] [32mBuilding CXX object CMakeFiles/map_overlay_node.dir/src/map_overlay_node.cpp.o[0m
[7.321s] In file included from [01m[K/home/student/ros2_ws/src/sprint3/src/cylinder_detection_node.cpp:8[m[K:
[7.321s] [01m[K/opt/ros/humble/include/tf2_geometry_msgs/tf2_geometry_msgs/tf2_geometry_msgs.h:35:2:[m[K [01;35m[Kwarning: [m[K#warning This header is obsolete, please include tf2_geometry_msgs/tf2_geometry_msgs.hpp instead [[01;35m[K]8;;https://gcc.gnu.org/onlinedocs/gcc/Warning-Options.html#index-Wcpp-Wcpp]8;;[m[K]
[7.322s]    35 | #[01;35m[Kwarning[m[K This header is obsolete, please include tf2_geometry_msgs/tf2_geometry_msgs.hpp instead
[7.322s]       |  [01;35m[K^~~~~~~[m[K
[10.425s] [ 50%] [32m[1mLinking CXX executable map_overlay_node[0m
[12.092s] [ 50%] Built target map_overlay_node
[12.165s] [ 66%] [32mBuilding CXX object CMakeFiles/cylinder_adder_node.dir/src/cylinder_adder_node.cpp.o[0m
[12.926s] [01m[K/home/student/ros2_ws/src/sprint3/src/cylinder_adder_node.cpp:3:10:[m[K [01;31m[Kfatal error: [m[Kgazebo_ros/gazebo_ros.hpp: No such file or directory
[12.926s]     3 | #include [01;31m[K"gazebo_ros/gazebo_ros.hpp"[m[K
[12.926s]       |          [01;31m[K^~~~~~~~~~~~~~~~~~~~~~~~~~~[m[K
[12.926s] compilation terminated.
[12.931s] gmake[2]: *** [CMakeFiles/cylinder_adder_node.dir/build.make:76: CMakeFiles/cylinder_adder_node.dir/src/cylinder_adder_node.cpp.o] Error 1
[12.931s] gmake[1]: *** [CMakeFiles/Makefile2:193: CMakeFiles/cylinder_adder_node.dir/all] Error 2
[12.931s] gmake[1]: *** Waiting for unfinished jobs....
[33.678s] [ 83%] [32m[1mLinking CXX executable cylinder_detection_node[0m
[34.300s] [ 83%] Built target cylinder_detection_node
[34.311s] gmake: *** [Makefile:146: all] Error 2
[34.314s] Invoked command in '/home/student/ros2_ws/build/sprint3' returned '2': CMAKE_PREFIX_PATH=${CMAKE_PREFIX_PATH}:/home/student/ros2_ws/install/turtlebot3_teleop:/home/student/ros2_ws/install/rtabmap_python:/opt/ros/humble /usr/bin/cmake --build /home/student/ros2_ws/build/sprint3
