[35m[1mConsolidate compiler generated dependencies of target scan_to_image_node[0m
[ 25%] Built target image_processor
[ 50%] Built target minimal_opencv_ros2_node
[ 75%] Built target scan_processor
[ 87%] [32mBuilding CXX object CMakeFiles/scan_to_image_node.dir/src/scan_to_image_node.cpp.o[0m
[01m[K/home/student/ros2_ws/src/my_opencv_demo/src/scan_to_image_node.cpp:[m[K In member function â€˜[01m[Kvoid ScanToImageNode::scanCallback(sensor_msgs::msg::LaserScan_<std::allocator<void> >::SharedPtr)[m[Kâ€™:
[01m[K/home/student/ros2_ws/src/my_opencv_demo/src/scan_to_image_node.cpp:34:9:[m[K [01;31m[Kerror: [m[Kâ€˜[01m[Kprevious_image_[m[Kâ€™ was not declared in this scope
   34 |         [01;31m[Kprevious_image_[m[K = current_image_.clone();
      |         [01;31m[K^~~~~~~~~~~~~~~[m[K
[01m[K/home/student/ros2_ws/src/my_opencv_demo/src/scan_to_image_node.cpp:35:9:[m[K [01;31m[Kerror: [m[Kâ€˜[01m[Kfirst_scan_received_[m[Kâ€™ was not declared in this scope
   35 |         [01;31m[Kfirst_scan_received_[m[K = true;
      |         [01;31m[K^~~~~~~~~~~~~~~~~~~~[m[K
[01m[K/home/student/ros2_ws/src/my_opencv_demo/src/scan_to_image_node.cpp:[m[K In member function â€˜[01m[Kvoid ScanToImageNode::calculateYawChange()[m[Kâ€™:
[01m[K/home/student/ros2_ws/src/my_opencv_demo/src/scan_to_image_node.cpp:79:32:[m[K [01;31m[Kerror: [m[Kâ€˜[01m[Kprevious_image_[m[Kâ€™ was not declared in this scope
   79 |         detectAndMatchFeatures([01;31m[Kprevious_image_[m[K, current_image_, srcPoints, dstPoints);
      |                                [01;31m[K^~~~~~~~~~~~~~~[m[K
gmake[2]: *** [CMakeFiles/scan_to_image_node.dir/build.make:76: CMakeFiles/scan_to_image_node.dir/src/scan_to_image_node.cpp.o] Error 1
gmake[1]: *** [CMakeFiles/Makefile2:221: CMakeFiles/scan_to_image_node.dir/all] Error 2
gmake: *** [Makefile:146: all] Error 2
