[0.021s] Invoking command in '/home/student/ros2_ws/src/my_opencv_demo/build/my_opencv_demo': CMAKE_PREFIX_PATH=${CMAKE_PREFIX_PATH}:/home/student/ros2_ws/install/turtlebot3_teleop:/home/student/ros2_ws/install/turtlebot3_example:/opt/ros/humble /usr/bin/cmake --build /home/student/ros2_ws/src/my_opencv_demo/build/my_opencv_demo -- -j8 -l8
[0.097s] [35m[1mConsolidate compiler generated dependencies of target scan_to_image_node[0m
[0.116s] [ 25%] Built target image_processor
[0.122s] [ 50%] Built target minimal_opencv_ros2_node
[0.125s] [ 75%] Built target scan_processor
[0.145s] [ 87%] [32mBuilding CXX object CMakeFiles/scan_to_image_node.dir/src/scan_to_image_node.cpp.o[0m
[4.294s] [01m[K/home/student/ros2_ws/src/my_opencv_demo/src/scan_to_image_node.cpp:[m[K In member function â€˜[01m[Kvoid ScanToImageNode::scanCallback(sensor_msgs::msg::LaserScan_<std::allocator<void> >::SharedPtr)[m[Kâ€™:
[4.294s] [01m[K/home/student/ros2_ws/src/my_opencv_demo/src/scan_to_image_node.cpp:34:9:[m[K [01;31m[Kerror: [m[Kâ€˜[01m[Kprevious_image_[m[Kâ€™ was not declared in this scope
[4.294s]    34 |         [01;31m[Kprevious_image_[m[K = current_image_.clone();
[4.294s]       |         [01;31m[K^~~~~~~~~~~~~~~[m[K
[4.313s] [01m[K/home/student/ros2_ws/src/my_opencv_demo/src/scan_to_image_node.cpp:35:9:[m[K [01;31m[Kerror: [m[Kâ€˜[01m[Kfirst_scan_received_[m[Kâ€™ was not declared in this scope
[4.313s]    35 |         [01;31m[Kfirst_scan_received_[m[K = true;
[4.313s]       |         [01;31m[K^~~~~~~~~~~~~~~~~~~~[m[K
[4.330s] [01m[K/home/student/ros2_ws/src/my_opencv_demo/src/scan_to_image_node.cpp:[m[K In member function â€˜[01m[Kvoid ScanToImageNode::calculateYawChange()[m[Kâ€™:
[4.330s] [01m[K/home/student/ros2_ws/src/my_opencv_demo/src/scan_to_image_node.cpp:79:32:[m[K [01;31m[Kerror: [m[Kâ€˜[01m[Kprevious_image_[m[Kâ€™ was not declared in this scope
[4.330s]    79 |         detectAndMatchFeatures([01;31m[Kprevious_image_[m[K, current_image_, srcPoints, dstPoints);
[4.330s]       |                                [01;31m[K^~~~~~~~~~~~~~~[m[K
[8.219s] gmake[2]: *** [CMakeFiles/scan_to_image_node.dir/build.make:76: CMakeFiles/scan_to_image_node.dir/src/scan_to_image_node.cpp.o] Error 1
[8.220s] gmake[1]: *** [CMakeFiles/Makefile2:221: CMakeFiles/scan_to_image_node.dir/all] Error 2
[8.220s] gmake: *** [Makefile:146: all] Error 2
[8.226s] Invoked command in '/home/student/ros2_ws/src/my_opencv_demo/build/my_opencv_demo' returned '2': CMAKE_PREFIX_PATH=${CMAKE_PREFIX_PATH}:/home/student/ros2_ws/install/turtlebot3_teleop:/home/student/ros2_ws/install/turtlebot3_example:/opt/ros/humble /usr/bin/cmake --build /home/student/ros2_ws/src/my_opencv_demo/build/my_opencv_demo -- -j8 -l8
