-- The C compiler identification is GNU 11.4.0
-- The CXX compiler identification is GNU 11.4.0
-- Detecting C compiler ABI info
-- Detecting C compiler ABI info - done
-- Check for working C compiler: /usr/bin/cc - skipped
-- Detecting C compile features
-- Detecting C compile features - done
-- Detecting CXX compiler ABI info
-- Detecting CXX compiler ABI info - done
-- Check for working CXX compiler: /usr/bin/c++ - skipped
-- Detecting CXX compile features
-- Detecting CXX compile features - done
-- Found ament_cmake: 1.3.10 (/opt/ros/humble/share/ament_cmake/cmake)
-- Found Python3: /usr/bin/python3 (found version "3.10.12") found components: Interpreter 
-- Found rclcpp: 16.0.10 (/opt/ros/humble/share/rclcpp/cmake)
-- Found rosidl_generator_c: 3.1.5 (/opt/ros/humble/share/rosidl_generator_c/cmake)
-- Found rosidl_adapter: 3.1.5 (/opt/ros/humble/share/rosidl_adapter/cmake)
-- Found rosidl_generator_cpp: 3.1.5 (/opt/ros/humble/share/rosidl_generator_cpp/cmake)
-- Using all available rosidl_typesupport_c: rosidl_typesupport_fastrtps_c;rosidl_typesupport_introspection_c
-- Using all available rosidl_typesupport_cpp: rosidl_typesupport_fastrtps_cpp;rosidl_typesupport_introspection_cpp
-- Found rmw_implementation_cmake: 6.1.2 (/opt/ros/humble/share/rmw_implementation_cmake/cmake)
-- Found rmw_fastrtps_cpp: 6.2.7 (/opt/ros/humble/share/rmw_fastrtps_cpp/cmake)
-- Found OpenSSL: /usr/lib/x86_64-linux-gnu/libcrypto.so (found version "3.0.2")  
-- Found FastRTPS: /opt/ros/humble/include  
-- Using RMW implementation 'rmw_fastrtps_cpp' as default
-- Looking for pthread.h
-- Looking for pthread.h - found
-- Performing Test CMAKE_HAVE_LIBC_PTHREAD
-- Performing Test CMAKE_HAVE_LIBC_PTHREAD - Success
-- Found Threads: TRUE  
-- Found sensor_msgs: 4.2.4 (/opt/ros/humble/share/sensor_msgs/cmake)
-- Found cv_bridge: 3.2.1 (/opt/ros/humble/share/cv_bridge/cmake)
-- Found image_transport: 3.1.9 (/opt/ros/humble/share/image_transport/cmake)
-- Found OpenCV: /usr (found version "4.5.4") 
-- Found ament_lint_auto: 0.12.11 (/opt/ros/humble/share/ament_lint_auto/cmake)
-- Added test 'cppcheck' to perform static code analysis on C / C++ code
-- Configured cppcheck include dirs: 
-- Configured cppcheck exclude dirs and/or files: 
-- Added test 'flake8' to check Python code syntax and style conventions
-- Added test 'lint_cmake' to check CMake code style
-- Added test 'pep257' to check Python code against some of the docstring style conventions in PEP 257
-- Added test 'uncrustify' to check C / C++ code style
-- Configured uncrustify additional arguments: 
-- Added test 'xmllint' to check XML markup files
-- Configuring done
-- Generating done
-- Build files have been written to: /home/student/ros2_ws/src/my_opencv_demo/build/my_opencv_demo
[ 12%] [32mBuilding CXX object CMakeFiles/scan_processor.dir/src/scan_processor.cpp.o[0m
[ 25%] [32mBuilding CXX object CMakeFiles/scan_to_image_node.dir/src/scan_to_image_node.cpp.o[0m
[ 37%] [32mBuilding CXX object CMakeFiles/image_processor.dir/src/image_processor.cpp.o[0m
[ 50%] [32mBuilding CXX object CMakeFiles/minimal_opencv_ros2_node.dir/src/minimal_opencv_ros2_node.cpp.o[0m
[01m[K/home/student/ros2_ws/src/my_opencv_demo/src/scan_processor.cpp:[m[K In member function â€˜[01m[Kvoid ScanProcessor::scan_callback(sensor_msgs::msg::LaserScan_<std::allocator<void> >::SharedPtr)[m[Kâ€™:
[01m[K/home/student/ros2_ws/src/my_opencv_demo/src/scan_processor.cpp:40:41:[m[K [01;35m[Kwarning: [m[Kcomparison of integer expressions of different signedness: â€˜[01m[Kint[m[Kâ€™ and â€˜[01m[Kstd::vector<float>::size_type[m[Kâ€™ {aka â€˜[01m[Klong unsigned int[m[Kâ€™} [[01;35m[K]8;;https://gcc.gnu.org/onlinedocs/gcc/Warning-Options.html#index-Wsign-compare-Wsign-compare]8;;[m[K]
   40 |     if (index_start >= 0 && [01;35m[Kindex_start < msg->ranges.size()[m[K &&
      |                             [01;35m[K~~~~~~~~~~~~^~~~~~~~~~~~~~~~~~~~[m[K
[01m[K/home/student/ros2_ws/src/my_opencv_demo/src/scan_processor.cpp:41:37:[m[K [01;35m[Kwarning: [m[Kcomparison of integer expressions of different signedness: â€˜[01m[Kint[m[Kâ€™ and â€˜[01m[Kstd::vector<float>::size_type[m[Kâ€™ {aka â€˜[01m[Klong unsigned int[m[Kâ€™} [[01;35m[K]8;;https://gcc.gnu.org/onlinedocs/gcc/Warning-Options.html#index-Wsign-compare-Wsign-compare]8;;[m[K]
   41 |         index_end >= 0 && [01;35m[Kindex_end < msg->ranges.size()[m[K &&
      |                           [01;35m[K~~~~~~~~~~^~~~~~~~~~~~~~~~~~~~[m[K
[01m[K/home/student/ros2_ws/src/my_opencv_demo/src/scan_processor.cpp:42:45:[m[K [01;35m[Kwarning: [m[Kcomparison of integer expressions of different signedness: â€˜[01m[Kint[m[Kâ€™ and â€˜[01m[Kstd::vector<float>::size_type[m[Kâ€™ {aka â€˜[01m[Klong unsigned int[m[Kâ€™} [[01;35m[K]8;;https://gcc.gnu.org/onlinedocs/gcc/Warning-Options.html#index-Wsign-compare-Wsign-compare]8;;[m[K]
   42 |         index_desired >= 0 && [01;35m[Kindex_desired < msg->ranges.size()[m[K) {
      |                               [01;35m[K~~~~~~~~~~~~~~^~~~~~~~~~~~~~~~~~~~[m[K
[01m[K/home/student/ros2_ws/src/my_opencv_demo/src/scan_to_image_node.cpp:[m[K In member function â€˜[01m[Kvoid ScanToImageNode::scanCallback(sensor_msgs::msg::LaserScan_<std::allocator<void> >::SharedPtr)[m[Kâ€™:
[01m[K/home/student/ros2_ws/src/my_opencv_demo/src/scan_to_image_node.cpp:28:9:[m[K [01;31m[Kerror: [m[Kâ€˜[01m[Kcurrent_image_[m[Kâ€™ was not declared in this scope; did you mean â€˜[01m[Kfirst_image_[m[Kâ€™?
   28 |         [01;31m[Kcurrent_image_[m[K = laserScanToMat(msg);
      |         [01;31m[K^~~~~~~~~~~~~~[m[K
      |         [32m[Kfirst_image_[m[K
[01m[K/home/student/ros2_ws/src/my_opencv_demo/src/scan_to_image_node.cpp:30:13:[m[K [01;31m[Kerror: [m[Kâ€˜[01m[Kfirst_scan_received_[m[Kâ€™ was not declared in this scope
   30 |         if ([01;31m[Kfirst_scan_received_[m[K) {
      |             [01;31m[K^~~~~~~~~~~~~~~~~~~~[m[K
[01m[K/home/student/ros2_ws/src/my_opencv_demo/src/scan_to_image_node.cpp:34:9:[m[K [01;31m[Kerror: [m[Kâ€˜[01m[Kprevious_image_[m[Kâ€™ was not declared in this scope
   34 |         [01;31m[Kprevious_image_[m[K = current_image_.clone();
      |         [01;31m[K^~~~~~~~~~~~~~~[m[K
[01m[K/home/student/ros2_ws/src/my_opencv_demo/src/scan_to_image_node.cpp:35:9:[m[K [01;31m[Kerror: [m[Kâ€˜[01m[Kfirst_scan_received_[m[Kâ€™ was not declared in this scope
   35 |         [01;31m[Kfirst_scan_received_[m[K = true;
      |         [01;31m[K^~~~~~~~~~~~~~~~~~~~[m[K
[01m[K/home/student/ros2_ws/src/my_opencv_demo/src/scan_to_image_node.cpp:[m[K In member function â€˜[01m[Kvoid ScanToImageNode::calculateYawChange()[m[Kâ€™:
[01m[K/home/student/ros2_ws/src/my_opencv_demo/src/scan_to_image_node.cpp:79:32:[m[K [01;31m[Kerror: [m[Kâ€˜[01m[Kprevious_image_[m[Kâ€™ was not declared in this scope
   79 |         detectAndMatchFeatures([01;31m[Kprevious_image_[m[K, current_image_, srcPoints, dstPoints);
      |                                [01;31m[K^~~~~~~~~~~~~~~[m[K
[01m[K/home/student/ros2_ws/src/my_opencv_demo/src/scan_to_image_node.cpp:79:49:[m[K [01;31m[Kerror: [m[Kâ€˜[01m[Kcurrent_image_[m[Kâ€™ was not declared in this scope; did you mean â€˜[01m[Kfirst_image_[m[Kâ€™?
   79 |         detectAndMatchFeatures(previous_image_, [01;31m[Kcurrent_image_[m[K, srcPoints, dstPoints);
      |                                                 [01;31m[K^~~~~~~~~~~~~~[m[K
      |                                                 [32m[Kfirst_image_[m[K
gmake[2]: *** [CMakeFiles/scan_to_image_node.dir/build.make:76: CMakeFiles/scan_to_image_node.dir/src/scan_to_image_node.cpp.o] Error 1
gmake[1]: *** [CMakeFiles/Makefile2:221: CMakeFiles/scan_to_image_node.dir/all] Error 2
gmake[1]: *** Waiting for unfinished jobs....
[ 62%] [32m[1mLinking CXX executable minimal_opencv_ros2_node[0m
[ 62%] Built target minimal_opencv_ros2_node
[ 75%] [32m[1mLinking CXX executable scan_processor[0m
[ 75%] Built target scan_processor
[ 87%] [32m[1mLinking CXX executable image_processor[0m
[ 87%] Built target image_processor
gmake: *** [Makefile:146: all] Error 2
