[0.023s] Invoking command in '/home/student/ros2_ws/src/my_opencv_demo/build/my_opencv_demo': CMAKE_PREFIX_PATH=${CMAKE_PREFIX_PATH}:/home/student/ros2_ws/install/turtlebot3_teleop:/home/student/ros2_ws/install/turtlebot3_example:/opt/ros/humble /usr/bin/cmake /home/student/ros2_ws/src/my_opencv_demo -DCMAKE_INSTALL_PREFIX=/home/student/ros2_ws/src/my_opencv_demo/install/my_opencv_demo
[0.989s] -- The C compiler identification is GNU 11.4.0
[1.600s] -- The CXX compiler identification is GNU 11.4.0
[1.637s] -- Detecting C compiler ABI info
[1.804s] -- Detecting C compiler ABI info - done
[1.819s] -- Check for working C compiler: /usr/bin/cc - skipped
[1.823s] -- Detecting C compile features
[1.827s] -- Detecting C compile features - done
[1.833s] -- Detecting CXX compiler ABI info
[1.989s] -- Detecting CXX compiler ABI info - done
[1.998s] -- Check for working CXX compiler: /usr/bin/c++ - skipped
[1.998s] -- Detecting CXX compile features
[1.999s] -- Detecting CXX compile features - done
[2.082s] -- Found ament_cmake: 1.3.10 (/opt/ros/humble/share/ament_cmake/cmake)
[2.379s] -- Found Python3: /usr/bin/python3 (found version "3.10.12") found components: Interpreter 
[2.754s] -- Found rclcpp: 16.0.10 (/opt/ros/humble/share/rclcpp/cmake)
[2.953s] -- Found rosidl_generator_c: 3.1.5 (/opt/ros/humble/share/rosidl_generator_c/cmake)
[2.968s] -- Found rosidl_adapter: 3.1.5 (/opt/ros/humble/share/rosidl_adapter/cmake)
[3.016s] -- Found rosidl_generator_cpp: 3.1.5 (/opt/ros/humble/share/rosidl_generator_cpp/cmake)
[3.111s] -- Using all available rosidl_typesupport_c: rosidl_typesupport_fastrtps_c;rosidl_typesupport_introspection_c
[3.164s] -- Using all available rosidl_typesupport_cpp: rosidl_typesupport_fastrtps_cpp;rosidl_typesupport_introspection_cpp
[3.408s] -- Found rmw_implementation_cmake: 6.1.2 (/opt/ros/humble/share/rmw_implementation_cmake/cmake)
[3.421s] -- Found rmw_fastrtps_cpp: 6.2.7 (/opt/ros/humble/share/rmw_fastrtps_cpp/cmake)
[3.712s] -- Found OpenSSL: /usr/lib/x86_64-linux-gnu/libcrypto.so (found version "3.0.2")  
[3.760s] -- Found FastRTPS: /opt/ros/humble/include  
[3.826s] -- Using RMW implementation 'rmw_fastrtps_cpp' as default
[3.892s] -- Looking for pthread.h
[4.041s] -- Looking for pthread.h - found
[4.041s] -- Performing Test CMAKE_HAVE_LIBC_PTHREAD
[4.160s] -- Performing Test CMAKE_HAVE_LIBC_PTHREAD - Success
[4.162s] -- Found Threads: TRUE  
[4.341s] -- Found sensor_msgs: 4.2.4 (/opt/ros/humble/share/sensor_msgs/cmake)
[4.409s] -- Found cv_bridge: 3.2.1 (/opt/ros/humble/share/cv_bridge/cmake)
[4.463s] -- Found image_transport: 3.1.9 (/opt/ros/humble/share/image_transport/cmake)
[4.586s] -- Found OpenCV: /usr (found version "4.5.4") 
[4.607s] -- Found ament_lint_auto: 0.12.11 (/opt/ros/humble/share/ament_lint_auto/cmake)
[4.860s] -- Added test 'cppcheck' to perform static code analysis on C / C++ code
[4.860s] -- Configured cppcheck include dirs: 
[4.860s] -- Configured cppcheck exclude dirs and/or files: 
[4.866s] -- Added test 'flake8' to check Python code syntax and style conventions
[4.871s] -- Added test 'lint_cmake' to check CMake code style
[4.875s] -- Added test 'pep257' to check Python code against some of the docstring style conventions in PEP 257
[4.884s] -- Added test 'uncrustify' to check C / C++ code style
[4.885s] -- Configured uncrustify additional arguments: 
[4.888s] -- Added test 'xmllint' to check XML markup files
[4.897s] -- Configuring done
[4.933s] -- Generating done
[4.937s] -- Build files have been written to: /home/student/ros2_ws/src/my_opencv_demo/build/my_opencv_demo
[4.957s] Invoked command in '/home/student/ros2_ws/src/my_opencv_demo/build/my_opencv_demo' returned '0': CMAKE_PREFIX_PATH=${CMAKE_PREFIX_PATH}:/home/student/ros2_ws/install/turtlebot3_teleop:/home/student/ros2_ws/install/turtlebot3_example:/opt/ros/humble /usr/bin/cmake /home/student/ros2_ws/src/my_opencv_demo -DCMAKE_INSTALL_PREFIX=/home/student/ros2_ws/src/my_opencv_demo/install/my_opencv_demo
[4.960s] Invoking command in '/home/student/ros2_ws/src/my_opencv_demo/build/my_opencv_demo': CMAKE_PREFIX_PATH=${CMAKE_PREFIX_PATH}:/home/student/ros2_ws/install/turtlebot3_teleop:/home/student/ros2_ws/install/turtlebot3_example:/opt/ros/humble /usr/bin/cmake --build /home/student/ros2_ws/src/my_opencv_demo/build/my_opencv_demo -- -j8 -l8
[5.051s] [ 12%] [32mBuilding CXX object CMakeFiles/scan_processor.dir/src/scan_processor.cpp.o[0m
[5.051s] [ 25%] [32mBuilding CXX object CMakeFiles/scan_to_image_node.dir/src/scan_to_image_node.cpp.o[0m
[5.055s] [ 37%] [32mBuilding CXX object CMakeFiles/image_processor.dir/src/image_processor.cpp.o[0m
[5.057s] [ 50%] [32mBuilding CXX object CMakeFiles/minimal_opencv_ros2_node.dir/src/minimal_opencv_ros2_node.cpp.o[0m
[9.908s] [01m[K/home/student/ros2_ws/src/my_opencv_demo/src/scan_processor.cpp:[m[K In member function â€˜[01m[Kvoid ScanProcessor::scan_callback(sensor_msgs::msg::LaserScan_<std::allocator<void> >::SharedPtr)[m[Kâ€™:
[9.909s] [01m[K/home/student/ros2_ws/src/my_opencv_demo/src/scan_processor.cpp:40:41:[m[K [01;35m[Kwarning: [m[Kcomparison of integer expressions of different signedness: â€˜[01m[Kint[m[Kâ€™ and â€˜[01m[Kstd::vector<float>::size_type[m[Kâ€™ {aka â€˜[01m[Klong unsigned int[m[Kâ€™} [[01;35m[K]8;;https://gcc.gnu.org/onlinedocs/gcc/Warning-Options.html#index-Wsign-compare-Wsign-compare]8;;[m[K]
[9.909s]    40 |     if (index_start >= 0 && [01;35m[Kindex_start < msg->ranges.size()[m[K &&
[9.909s]       |                             [01;35m[K~~~~~~~~~~~~^~~~~~~~~~~~~~~~~~~~[m[K
[9.909s] [01m[K/home/student/ros2_ws/src/my_opencv_demo/src/scan_processor.cpp:41:37:[m[K [01;35m[Kwarning: [m[Kcomparison of integer expressions of different signedness: â€˜[01m[Kint[m[Kâ€™ and â€˜[01m[Kstd::vector<float>::size_type[m[Kâ€™ {aka â€˜[01m[Klong unsigned int[m[Kâ€™} [[01;35m[K]8;;https://gcc.gnu.org/onlinedocs/gcc/Warning-Options.html#index-Wsign-compare-Wsign-compare]8;;[m[K]
[9.910s]    41 |         index_end >= 0 && [01;35m[Kindex_end < msg->ranges.size()[m[K &&
[9.910s]       |                           [01;35m[K~~~~~~~~~~^~~~~~~~~~~~~~~~~~~~[m[K
[9.910s] [01m[K/home/student/ros2_ws/src/my_opencv_demo/src/scan_processor.cpp:42:45:[m[K [01;35m[Kwarning: [m[Kcomparison of integer expressions of different signedness: â€˜[01m[Kint[m[Kâ€™ and â€˜[01m[Kstd::vector<float>::size_type[m[Kâ€™ {aka â€˜[01m[Klong unsigned int[m[Kâ€™} [[01;35m[K]8;;https://gcc.gnu.org/onlinedocs/gcc/Warning-Options.html#index-Wsign-compare-Wsign-compare]8;;[m[K]
[9.910s]    42 |         index_desired >= 0 && [01;35m[Kindex_desired < msg->ranges.size()[m[K) {
[9.910s]       |                               [01;35m[K~~~~~~~~~~~~~~^~~~~~~~~~~~~~~~~~~~[m[K
[11.220s] [01m[K/home/student/ros2_ws/src/my_opencv_demo/src/scan_to_image_node.cpp:[m[K In member function â€˜[01m[Kvoid ScanToImageNode::scanCallback(sensor_msgs::msg::LaserScan_<std::allocator<void> >::SharedPtr)[m[Kâ€™:
[11.220s] [01m[K/home/student/ros2_ws/src/my_opencv_demo/src/scan_to_image_node.cpp:28:9:[m[K [01;31m[Kerror: [m[Kâ€˜[01m[Kcurrent_image_[m[Kâ€™ was not declared in this scope; did you mean â€˜[01m[Kfirst_image_[m[Kâ€™?
[11.220s]    28 |         [01;31m[Kcurrent_image_[m[K = laserScanToMat(msg);
[11.220s]       |         [01;31m[K^~~~~~~~~~~~~~[m[K
[11.221s]       |         [32m[Kfirst_image_[m[K
[11.244s] [01m[K/home/student/ros2_ws/src/my_opencv_demo/src/scan_to_image_node.cpp:30:13:[m[K [01;31m[Kerror: [m[Kâ€˜[01m[Kfirst_scan_received_[m[Kâ€™ was not declared in this scope
[11.244s]    30 |         if ([01;31m[Kfirst_scan_received_[m[K) {
[11.244s]       |             [01;31m[K^~~~~~~~~~~~~~~~~~~~[m[K
[11.259s] [01m[K/home/student/ros2_ws/src/my_opencv_demo/src/scan_to_image_node.cpp:34:9:[m[K [01;31m[Kerror: [m[Kâ€˜[01m[Kprevious_image_[m[Kâ€™ was not declared in this scope
[11.259s]    34 |         [01;31m[Kprevious_image_[m[K = current_image_.clone();
[11.259s]       |         [01;31m[K^~~~~~~~~~~~~~~[m[K
[11.283s] [01m[K/home/student/ros2_ws/src/my_opencv_demo/src/scan_to_image_node.cpp:35:9:[m[K [01;31m[Kerror: [m[Kâ€˜[01m[Kfirst_scan_received_[m[Kâ€™ was not declared in this scope
[11.283s]    35 |         [01;31m[Kfirst_scan_received_[m[K = true;
[11.284s]       |         [01;31m[K^~~~~~~~~~~~~~~~~~~~[m[K
[11.307s] [01m[K/home/student/ros2_ws/src/my_opencv_demo/src/scan_to_image_node.cpp:[m[K In member function â€˜[01m[Kvoid ScanToImageNode::calculateYawChange()[m[Kâ€™:
[11.308s] [01m[K/home/student/ros2_ws/src/my_opencv_demo/src/scan_to_image_node.cpp:79:32:[m[K [01;31m[Kerror: [m[Kâ€˜[01m[Kprevious_image_[m[Kâ€™ was not declared in this scope
[11.308s]    79 |         detectAndMatchFeatures([01;31m[Kprevious_image_[m[K, current_image_, srcPoints, dstPoints);
[11.308s]       |                                [01;31m[K^~~~~~~~~~~~~~~[m[K
[11.320s] [01m[K/home/student/ros2_ws/src/my_opencv_demo/src/scan_to_image_node.cpp:79:49:[m[K [01;31m[Kerror: [m[Kâ€˜[01m[Kcurrent_image_[m[Kâ€™ was not declared in this scope; did you mean â€˜[01m[Kfirst_image_[m[Kâ€™?
[11.320s]    79 |         detectAndMatchFeatures(previous_image_, [01;31m[Kcurrent_image_[m[K, srcPoints, dstPoints);
[11.320s]       |                                                 [01;31m[K^~~~~~~~~~~~~~[m[K
[11.320s]       |                                                 [32m[Kfirst_image_[m[K
[15.912s] gmake[2]: *** [CMakeFiles/scan_to_image_node.dir/build.make:76: CMakeFiles/scan_to_image_node.dir/src/scan_to_image_node.cpp.o] Error 1
[15.912s] gmake[1]: *** [CMakeFiles/Makefile2:221: CMakeFiles/scan_to_image_node.dir/all] Error 2
[15.912s] gmake[1]: *** Waiting for unfinished jobs....
[15.913s] [ 62%] [32m[1mLinking CXX executable minimal_opencv_ros2_node[0m
[17.212s] [ 62%] Built target minimal_opencv_ros2_node
[19.163s] [ 75%] [32m[1mLinking CXX executable scan_processor[0m
[19.752s] [ 75%] Built target scan_processor
[20.303s] [ 87%] [32m[1mLinking CXX executable image_processor[0m
[21.285s] [ 87%] Built target image_processor
[21.286s] gmake: *** [Makefile:146: all] Error 2
[21.289s] Invoked command in '/home/student/ros2_ws/src/my_opencv_demo/build/my_opencv_demo' returned '2': CMAKE_PREFIX_PATH=${CMAKE_PREFIX_PATH}:/home/student/ros2_ws/install/turtlebot3_teleop:/home/student/ros2_ws/install/turtlebot3_example:/opt/ros/humble /usr/bin/cmake --build /home/student/ros2_ws/src/my_opencv_demo/build/my_opencv_demo -- -j8 -l8
