[ 50%] Built target map_overlay_node
[35m[1mConsolidate compiler generated dependencies of target cylinder_detection_node[0m
[ 75%] [32mBuilding CXX object CMakeFiles/cylinder_detection_node.dir/src/cylinder_detection_node.cpp.o[0m
[01m[K/home/student/ros2_ws/src/sprint3/src/cylinder_detection_node.cpp:[m[K In member function â€˜[01m[Kvoid CylinderDetectionNode::publishCylinderMarker(float, float, float)[m[Kâ€™:
[01m[K/home/student/ros2_ws/src/sprint3/src/cylinder_detection_node.cpp:80:56:[m[K [01;35m[Kwarning: [m[Kunused parameter â€˜[01m[Kz[m[Kâ€™ [[01;35m[K]8;;https://gcc.gnu.org/onlinedocs/gcc/Warning-Options.html#index-Wunused-parameter-Wunused-parameter]8;;[m[K]
   80 |     void publishCylinderMarker(float x, float y, [01;35m[Kfloat z[m[K)
      |                                                  [01;35m[K~~~~~~^[m[K
[01m[K/home/student/ros2_ws/src/sprint3/src/cylinder_detection_node.cpp:[m[K In member function â€˜[01m[Kvoid CylinderDetectionNode::writeCylinderMapYaml(const string&)[m[Kâ€™:
[01m[K/home/student/ros2_ws/src/sprint3/src/cylinder_detection_node.cpp:168:42:[m[K [01;31m[Kerror: [m[Kvariable â€˜[01m[Kstd::ofstream yaml_file[m[Kâ€™ has initializer but incomplete type
  168 |         std::ofstream yaml_file(yaml_path[01;31m[K)[m[K;
      |                                          [01;31m[K^[m[K
gmake[2]: *** [CMakeFiles/cylinder_detection_node.dir/build.make:76: CMakeFiles/cylinder_detection_node.dir/src/cylinder_detection_node.cpp.o] Error 1
gmake[1]: *** [CMakeFiles/Makefile2:165: CMakeFiles/cylinder_detection_node.dir/all] Error 2
gmake: *** [Makefile:146: all] Error 2
