[0.036s] Invoking command in '/home/student/ros2_ws/build/sprint3': CMAKE_PREFIX_PATH=${CMAKE_PREFIX_PATH}:/home/student/ros2_ws/install/turtlebot3_teleop:/home/student/ros2_ws/install/turtlebot3_example:/home/student/ros2_ws/install/rtabmap_python:/opt/ros/humble /usr/bin/cmake --build /home/student/ros2_ws/build/sprint3 -- -j8 -l8
[0.324s] [ 50%] Built target map_overlay_node
[0.379s] [35m[1mConsolidate compiler generated dependencies of target cylinder_detection_node[0m
[0.522s] [ 75%] [32mBuilding CXX object CMakeFiles/cylinder_detection_node.dir/src/cylinder_detection_node.cpp.o[0m
[9.053s] [01m[K/home/student/ros2_ws/src/sprint3/src/cylinder_detection_node.cpp:[m[K In member function â€˜[01m[Kvoid CylinderDetectionNode::publishCylinderMarker(float, float, float)[m[Kâ€™:
[9.053s] [01m[K/home/student/ros2_ws/src/sprint3/src/cylinder_detection_node.cpp:82:56:[m[K [01;35m[Kwarning: [m[Kunused parameter â€˜[01m[Kz[m[Kâ€™ [[01;35m[K]8;;https://gcc.gnu.org/onlinedocs/gcc/Warning-Options.html#index-Wunused-parameter-Wunused-parameter]8;;[m[K]
[9.053s]    82 |     void publishCylinderMarker(float x, float y, [01;35m[Kfloat z[m[K)
[9.054s]       |                                                  [01;35m[K~~~~~~^[m[K
[9.054s] [01m[K/home/student/ros2_ws/src/sprint3/src/cylinder_detection_node.cpp:[m[K In member function â€˜[01m[Kvoid CylinderDetectionNode::drawCylinderOnMap(const string&, const string&, float, float)[m[Kâ€™:
[9.054s] [01m[K/home/student/ros2_ws/src/sprint3/src/cylinder_detection_node.cpp:152:40:[m[K [01;31m[Kerror: [m[Kexpected primary-expression before â€˜[01m[K([m[Kâ€™ token
[9.054s]   152 |         cv::circle(map_image, cv::Point[01;31m[K([m[Kx_position corrected_cylinder_pixel_y), radius, cv::Scalar(0, 255, 0), -1); // Green filled circle
[9.054s]       |                                        [01;31m[K^[m[K
[9.055s] [01m[K/home/student/ros2_ws/src/sprint3/src/cylinder_detection_node.cpp:152:52:[m[K [01;31m[Kerror: [m[Kexpected â€˜[01m[K)[m[Kâ€™ before â€˜[01m[Kcorrected_cylinder_pixel_y[m[Kâ€™
[9.055s]   152 |         cv::circle(map_image, cv::Point(x_position [01;31m[Kcorrected_cylinder_pixel_y[m[K), radius, cv::Scalar(0, 255, 0), -1); // Green filled circle
[9.055s]       |                                                    [01;31m[K^~~~~~~~~~~~~~~~~~~~~~~~~~[m[K
[9.062s] [01m[K/home/student/ros2_ws/src/sprint3/src/cylinder_detection_node.cpp:152:40:[m[K [01;36m[Knote: [m[Kto match this â€˜[01m[K([m[Kâ€™
[9.062s]   152 |         cv::circle(map_image, cv::Point[01;36m[K([m[Kx_position corrected_cylinder_pixel_y), radius, cv::Scalar(0, 255, 0), -1); // Green filled circle
[9.062s]       |                                        [01;36m[K^[m[K
[15.987s] gmake[2]: *** [CMakeFiles/cylinder_detection_node.dir/build.make:76: CMakeFiles/cylinder_detection_node.dir/src/cylinder_detection_node.cpp.o] Error 1
[15.987s] gmake[1]: *** [CMakeFiles/Makefile2:165: CMakeFiles/cylinder_detection_node.dir/all] Error 2
[15.998s] gmake: *** [Makefile:146: all] Error 2
[16.002s] Invoked command in '/home/student/ros2_ws/build/sprint3' returned '2': CMAKE_PREFIX_PATH=${CMAKE_PREFIX_PATH}:/home/student/ros2_ws/install/turtlebot3_teleop:/home/student/ros2_ws/install/turtlebot3_example:/home/student/ros2_ws/install/rtabmap_python:/opt/ros/humble /usr/bin/cmake --build /home/student/ros2_ws/build/sprint3 -- -j8 -l8
