[01m[K/home/student/ros2_ws/src/sprint3/src/cylinder_detection_node.cpp:113:103:[m[K [01;31m[Kerror: [m[Kexpected identifier before numeric constant
  113 | std::string& original_map_path, const std::string& new_map_path, [01;31m[K0[m[K,0)
      |                                                                  [01;31m[K^[m[K

[01m[K/home/student/ros2_ws/src/sprint3/src/cylinder_detection_node.cpp:113:103:[m[K [01;31m[Kerror: [m[Kexpected â€˜[01m[K,[m[Kâ€™ or â€˜[01m[K...[m[Kâ€™ before numeric constant
[01m[K/home/student/ros2_ws/src/sprint3/src/cylinder_detection_node.cpp:[m[K In member function â€˜[01m[Kvoid CylinderDetectionNode::laserCallback(sensor_msgs::msg::LaserScan_<std::allocator<void> >::SharedPtr)[m[Kâ€™:
[01m[K/home/student/ros2_ws/src/sprint3/src/cylinder_detection_node.cpp:70:34:[m[K [01;31m[Kerror: [m[Kno matching function for call to â€˜[01m[KCylinderDetectionNode::drawCylinderOnMap(const char [47], const char [47], const tf2Scalar&, const tf2Scalar&)[m[Kâ€™
   70 |                 [01;31m[KdrawCylinderOnMap("/home/student/ros2_ws/sprint3_v1_carto_map.pgm", "/home/student/ros2_ws/sprint3_cylinder_map.pgm", global_position.x(), global_position.y())[m[K;
      |                 [01;31m[K~~~~~~~~~~~~~~~~~^~~~~~~~~~~~~~~~~~~~~~~~~~~~~~~~~~~~~~~~~~~~~~~~~~~~~~~~~~~~~~~~~~~~~~~~~~~~~~~~~~~~~~~~~~~~~~~~~~~~~~~~~~~~~~~~~~~~~~~~~~~~~~~~~~~~~~~~~~~~~~[m[K
[01m[K/home/student/ros2_ws/src/sprint3/src/cylinder_detection_node.cpp:113:14:[m[K [01;36m[Knote: [m[Kcandidate: â€˜[01m[Kvoid CylinderDetectionNode::drawCylinderOnMap(const string&, const string&, int)[m[Kâ€™
  113 |         void [01;36m[KdrawCylinderOnMap[m[K(const std::string& original_map_path, const std::string& new_map_path, 0,0)
      |              [01;36m[K^~~~~~~~~~~~~~~~~[m[K
[01m[K/home/student/ros2_ws/src/sprint3/src/cylinder_detection_node.cpp:113:14:[m[K [01;36m[Knote: [m[K  candidate expects 3 arguments, 4 provided
[01m[K/home/student/ros2_ws/src/sprint3/src/cylinder_detection_node.cpp:[m[K In member function â€˜[01m[Kvoid CylinderDetectionNode::publishCylinderMarker(float, float, float)[m[Kâ€™:
[01m[K/home/student/ros2_ws/src/sprint3/src/cylinder_detection_node.cpp:79:56:[m[K [01;35m[Kwarning: [m[Kunused parameter â€˜[01m[Kz[m[Kâ€™ [[01;35m[K]8;;https://gcc.gnu.org/onlinedocs/gcc/Warning-Options.html#index-Wunused-parameter-Wunused-parameter]8;;[m[K]
   79 |     void publishCylinderMarker(float x, float y, [01;35m[Kfloat z[m[K)
      |                                                  [01;35m[K~~~~~~^[m[K
[01m[K/home/student/ros2_ws/src/sprint3/src/cylinder_detection_node.cpp:[m[K In member function â€˜[01m[Kvoid CylinderDetectionNode::drawCylinderOnMap(const string&, const string&, int)[m[Kâ€™:
[01m[K/home/student/ros2_ws/src/sprint3/src/cylinder_detection_node.cpp:126:49:[m[K [01;31m[Kerror: [m[Kâ€˜[01m[Kcylinder_x[m[Kâ€™ was not declared in this scope
  126 |         int cylinder_pixel_x = static_cast<int>([01;31m[Kcylinder_x[m[K / map_resolution);
      |                                                 [01;31m[K^~~~~~~~~~[m[K
[01m[K/home/student/ros2_ws/src/sprint3/src/cylinder_detection_node.cpp:127:49:[m[K [01;31m[Kerror: [m[Kâ€˜[01m[Kcylinder_y[m[Kâ€™ was not declared in this scope
  127 |         int cylinder_pixel_y = static_cast<int>([01;31m[Kcylinder_y[m[K / map_resolution);
      |                                                 [01;31m[K^~~~~~~~~~[m[K
gmake[2]: *** [CMakeFiles/cylinder_detection_node.dir/build.make:76: CMakeFiles/cylinder_detection_node.dir/src/cylinder_detection_node.cpp.o] Error 1
gmake[1]: *** [CMakeFiles/Makefile2:165: CMakeFiles/cylinder_detection_node.dir/all] Error 2
gmake: *** [Makefile:146: all] Error 2
