[01m[K/home/student/ros2_ws/src/sprint3/src/cylinder_detection_node.cpp:[m[K In member function â€˜[01m[Kvoid CylinderDetectionNode::publishCylinderMarker(float, float, float)[m[Kâ€™:
[01m[K/home/student/ros2_ws/src/sprint3/src/cylinder_detection_node.cpp:82:56:[m[K [01;35m[Kwarning: [m[Kunused parameter â€˜[01m[Kz[m[Kâ€™ [[01;35m[K]8;;https://gcc.gnu.org/onlinedocs/gcc/Warning-Options.html#index-Wunused-parameter-Wunused-parameter]8;;[m[K]
   82 |     void publishCylinderMarker(float x, float y, [01;35m[Kfloat z[m[K)
      |                                                  [01;35m[K~~~~~~^[m[K
[01m[K/home/student/ros2_ws/src/sprint3/src/cylinder_detection_node.cpp:[m[K In member function â€˜[01m[Kvoid CylinderDetectionNode::drawCylinderOnMap(const string&, const string&, float, float)[m[Kâ€™:
[01m[K/home/student/ros2_ws/src/sprint3/src/cylinder_detection_node.cpp:153:69:[m[K [01;31m[Kerror: [m[Kâ€˜[01m[KCorrect[m[Kâ€™ was not declared in this scope
  153 | cv::circle(map_image, cv::Point(corrected_cylinder_pixel_x, [01;31m[KCorrect[m[K), radius, cv::Scalar(0, 255, 0), -1); // Green filled circle
      |                                                             [01;31m[K^~~~~~~[m[K

gmake[2]: *** [CMakeFiles/cylinder_detection_node.dir/build.make:76: CMakeFiles/cylinder_detection_node.dir/src/cylinder_detection_node.cpp.o] Error 1
gmake[1]: *** [CMakeFiles/Makefile2:165: CMakeFiles/cylinder_detection_node.dir/all] Error 2
gmake: *** [Makefile:146: all] Error 2
