[0.035s] Invoking command in '/home/student/ros2_ws/build/sprint3': CMAKE_PREFIX_PATH=${CMAKE_PREFIX_PATH}:/home/student/ros2_ws/install/turtlebot3_teleop:/home/student/ros2_ws/install/turtlebot3_example:/home/student/ros2_ws/install/rtabmap_python:/opt/ros/humble /usr/bin/cmake --build /home/student/ros2_ws/build/sprint3 -- -j8 -l8
[0.226s] [ 50%] Built target map_overlay_node
[0.259s] [35m[1mConsolidate compiler generated dependencies of target cylinder_detection_node[0m
[0.319s] [ 75%] [32mBuilding CXX object CMakeFiles/cylinder_detection_node.dir/src/cylinder_detection_node.cpp.o[0m
[7.815s] [01m[K/home/student/ros2_ws/src/sprint3/src/cylinder_detection_node.cpp:[m[K In member function â€˜[01m[Kvoid CylinderDetectionNode::publishCylinderMarker(float, float, float)[m[Kâ€™:
[7.815s] [01m[K/home/student/ros2_ws/src/sprint3/src/cylinder_detection_node.cpp:82:56:[m[K [01;35m[Kwarning: [m[Kunused parameter â€˜[01m[Kz[m[Kâ€™ [[01;35m[K]8;;https://gcc.gnu.org/onlinedocs/gcc/Warning-Options.html#index-Wunused-parameter-Wunused-parameter]8;;[m[K]
[7.815s]    82 |     void publishCylinderMarker(float x, float y, [01;35m[Kfloat z[m[K)
[7.815s]       |                                                  [01;35m[K~~~~~~^[m[K
[7.839s] [01m[K/home/student/ros2_ws/src/sprint3/src/cylinder_detection_node.cpp:[m[K In member function â€˜[01m[Kvoid CylinderDetectionNode::drawCylinderOnMap(const string&, const string&, float, float)[m[Kâ€™:
[7.839s] [01m[K/home/student/ros2_ws/src/sprint3/src/cylinder_detection_node.cpp:153:69:[m[K [01;31m[Kerror: [m[Kâ€˜[01m[KCorrect[m[Kâ€™ was not declared in this scope
[7.840s]   153 | cv::circle(map_image, cv::Point(corrected_cylinder_pixel_x, [01;31m[KCorrect[m[K), radius, cv::Scalar(0, 255, 0), -1); // Green filled circle
[7.840s]       |                                                             [01;31m[K^~~~~~~[m[K
[7.840s] 
[13.783s] gmake[2]: *** [CMakeFiles/cylinder_detection_node.dir/build.make:76: CMakeFiles/cylinder_detection_node.dir/src/cylinder_detection_node.cpp.o] Error 1
[13.783s] gmake[1]: *** [CMakeFiles/Makefile2:165: CMakeFiles/cylinder_detection_node.dir/all] Error 2
[13.786s] gmake: *** [Makefile:146: all] Error 2
[13.792s] Invoked command in '/home/student/ros2_ws/build/sprint3' returned '2': CMAKE_PREFIX_PATH=${CMAKE_PREFIX_PATH}:/home/student/ros2_ws/install/turtlebot3_teleop:/home/student/ros2_ws/install/turtlebot3_example:/home/student/ros2_ws/install/rtabmap_python:/opt/ros/humble /usr/bin/cmake --build /home/student/ros2_ws/build/sprint3 -- -j8 -l8
