[0.012s] Invoking command in '/home/student/ros2_ws/build/sprint3': CMAKE_PREFIX_PATH=${CMAKE_PREFIX_PATH}:/home/student/ros2_ws/install/turtlebot3_teleop:/home/student/ros2_ws/install/turtlebot3_example:/home/student/ros2_ws/install/rtabmap_python:/opt/ros/humble /usr/bin/cmake /home/student/ros2_ws/src/sprint3 -DCMAKE_INSTALL_PREFIX=/home/student/ros2_ws/install/sprint3
[0.080s] -- The C compiler identification is GNU 11.4.0
[0.150s] -- The CXX compiler identification is GNU 11.4.0
[0.158s] -- Detecting C compiler ABI info
[0.246s] -- Detecting C compiler ABI info - done
[0.254s] -- Check for working C compiler: /usr/bin/cc - skipped
[0.254s] -- Detecting C compile features
[0.254s] -- Detecting C compile features - done
[0.257s] -- Detecting CXX compiler ABI info
[0.357s] -- Detecting CXX compiler ABI info - done
[0.365s] -- Check for working CXX compiler: /usr/bin/c++ - skipped
[0.365s] -- Detecting CXX compile features
[0.366s] -- Detecting CXX compile features - done
[0.369s] -- Found ament_cmake: 1.3.10 (/opt/ros/humble/share/ament_cmake/cmake)
[0.541s] -- Found Python3: /usr/bin/python3 (found version "3.10.12") found components: Interpreter 
[0.645s] -- Found rclcpp: 16.0.10 (/opt/ros/humble/share/rclcpp/cmake)
[0.693s] -- Found rosidl_generator_c: 3.1.5 (/opt/ros/humble/share/rosidl_generator_c/cmake)
[0.699s] -- Found rosidl_adapter: 3.1.5 (/opt/ros/humble/share/rosidl_adapter/cmake)
[0.709s] -- Found rosidl_generator_cpp: 3.1.5 (/opt/ros/humble/share/rosidl_generator_cpp/cmake)
[0.723s] -- Using all available rosidl_typesupport_c: rosidl_typesupport_fastrtps_c;rosidl_typesupport_introspection_c
[0.743s] -- Using all available rosidl_typesupport_cpp: rosidl_typesupport_fastrtps_cpp;rosidl_typesupport_introspection_cpp
[0.803s] -- Found rmw_implementation_cmake: 6.1.2 (/opt/ros/humble/share/rmw_implementation_cmake/cmake)
[0.807s] -- Found rmw_fastrtps_cpp: 6.2.7 (/opt/ros/humble/share/rmw_fastrtps_cpp/cmake)
[0.922s] -- Found OpenSSL: /usr/lib/x86_64-linux-gnu/libcrypto.so (found version "3.0.2")  
[0.958s] -- Found FastRTPS: /opt/ros/humble/include  
[1.008s] -- Using RMW implementation 'rmw_fastrtps_cpp' as default
[1.018s] -- Looking for pthread.h
[1.113s] -- Looking for pthread.h - found
[1.114s] -- Performing Test CMAKE_HAVE_LIBC_PTHREAD
[1.205s] -- Performing Test CMAKE_HAVE_LIBC_PTHREAD - Success
[1.206s] -- Found Threads: TRUE  
[1.266s] -- Found nav_msgs: 4.2.4 (/opt/ros/humble/share/nav_msgs/cmake)
[1.305s] -- Found OpenCV: /usr (found version "4.5.4") 
[1.307s] -- Found sensor_msgs: 4.2.4 (/opt/ros/humble/share/sensor_msgs/cmake)
[1.327s] -- Found tf2: 0.25.7 (/opt/ros/humble/share/tf2/cmake)
[1.339s] -- Found tf2_ros: 0.25.7 (/opt/ros/humble/share/tf2_ros/cmake)
[1.436s] -- Found visualization_msgs: 4.2.4 (/opt/ros/humble/share/visualization_msgs/cmake)
[1.459s] -- Found tf2_geometry_msgs: 0.25.7 (/opt/ros/humble/share/tf2_geometry_msgs/cmake)
[1.474s] -- Found eigen3_cmake_module: 0.1.1 (/opt/ros/humble/share/eigen3_cmake_module/cmake)
[1.476s] -- Found Eigen3: TRUE (found version "3.4.0") 
[1.476s] -- Ensuring Eigen3 include directory is part of orocos-kdl CMake target
[1.479s] -- Found gazebo_ros: 3.7.0 (/opt/ros/humble/share/gazebo_ros/cmake)
[1.490s] -- Found PkgConfig: /usr/bin/pkg-config (found version "0.29.2") 
[1.492s] -- Checking for module 'bullet>=2.82'
[1.511s] --   Found bullet, version 3.05
[1.646s] -- Found fcl: /usr/include (found suitable version "0.7.0", minimum required is "0.5.0") 
[1.713s] -- Found assimp: /usr/include (found version "5.2.0") 
[1.735s] -- Found DART: /usr/include (Required is at least version "6.6") found components: dart 
[1.765s] -- Found Boost: /usr/lib/x86_64-linux-gnu/cmake/Boost-1.74.0/BoostConfig.cmake (found suitable version "1.74.0", minimum required is "1.40.0") found components: thread system filesystem program_options regex iostreams date_time 
[1.784s] -- Found Protobuf: /usr/lib/x86_64-linux-gnu/libprotobuf.so (found version "3.12.4") 
[1.790s] -- Looking for ignition-math6 -- found version 6.15.1
[1.795s] -- Searching for dependencies of ignition-math6
[1.797s] -- Looking for OGRE...
[1.797s] -- OGRE_PREFIX_WATCH changed.
[1.804s] -- Checking for module 'OGRE'
[1.823s] --   Found OGRE, version 1.9.0
[1.870s] -- Found Ogre Ghadamon (1.9.0)
[1.882s] -- Found OGRE: optimized;/usr/lib/x86_64-linux-gnu/libOgreMain.so;debug;/usr/lib/x86_64-linux-gnu/libOgreMain.so
[1.892s] -- Looking for OGRE_Paging...
[1.902s] -- Found OGRE_Paging: optimized;/usr/lib/x86_64-linux-gnu/libOgrePaging.so;debug;/usr/lib/x86_64-linux-gnu/libOgrePaging.so
[1.902s] -- Looking for OGRE_Terrain...
[1.911s] -- Found OGRE_Terrain: optimized;/usr/lib/x86_64-linux-gnu/libOgreTerrain.so;debug;/usr/lib/x86_64-linux-gnu/libOgreTerrain.so
[1.911s] -- Looking for OGRE_Property...
[1.920s] -- Found OGRE_Property: optimized;/usr/lib/x86_64-linux-gnu/libOgreProperty.so;debug;/usr/lib/x86_64-linux-gnu/libOgreProperty.so
[1.920s] -- Looking for OGRE_RTShaderSystem...
[1.931s] -- Found OGRE_RTShaderSystem: optimized;/usr/lib/x86_64-linux-gnu/libOgreRTShaderSystem.so;debug;/usr/lib/x86_64-linux-gnu/libOgreRTShaderSystem.so
[1.931s] -- Looking for OGRE_Volume...
[1.940s] -- Found OGRE_Volume: optimized;/usr/lib/x86_64-linux-gnu/libOgreVolume.so;debug;/usr/lib/x86_64-linux-gnu/libOgreVolume.so
[1.940s] -- Looking for OGRE_Overlay...
[1.949s] -- Found OGRE_Overlay: optimized;/usr/lib/x86_64-linux-gnu/libOgreOverlay.so;debug;/usr/lib/x86_64-linux-gnu/libOgreOverlay.so
[2.166s] -- Looking for ignition-math6 -- found version 6.15.1
[2.168s] -- Looking for ignition-transport8 -- found version 8.2.1
[2.168s] -- Searching for dependencies of ignition-transport8
[2.189s] -- Found Protobuf: /usr/lib/x86_64-linux-gnu/libprotobuf.so (found suitable version "3.12.4", minimum required is "3") 
[2.200s] -- Config-file not installed for ZeroMQ -- checking for pkg-config
[2.206s] -- Checking for module 'libzmq >= 4'
[2.226s] --   Found libzmq , version 4.3.4
[2.277s] -- Found ZeroMQ: TRUE (Required is at least version "4") 
[2.283s] -- Checking for module 'uuid'
[2.301s] --   Found uuid, version 2.37.2
[2.346s] -- Found UUID: TRUE  
[2.349s] -- Looking for ignition-msgs5 -- found version 5.8.1
[2.349s] -- Searching for dependencies of ignition-msgs5
[2.371s] -- Looking for ignition-math6 -- found version 6.15.1
[2.378s] -- Checking for module 'tinyxml2'
[2.399s] --   Found tinyxml2, version 9.0.0
[2.446s] -- Looking for ignition-msgs5 -- found version 5.8.1
[2.448s] -- Looking for ignition-common3 -- found version 3.14.0
[2.448s] -- Searching for dependencies of ignition-common3
[2.449s] -- Looking for dlfcn.h - found
[2.450s] -- Looking for libdl - found
[2.452s] -- Found DL: TRUE  
[2.464s] -- Found tinyobjloader: /usr/lib/x86_64-linux-gnu/cmake/tinyobjloader/tinyobjloader-config.cmake (found version "2.0.0") 
[2.465s] -- Searching for <ignition-common3> component [graphics]
[2.467s] -- Looking for ignition-common3-graphics -- found version 3.14.0
[2.467s] -- Searching for dependencies of ignition-common3-graphics
[2.468s] -- Looking for ignition-math6 -- found version 6.15.1
[2.471s] -- Looking for ignition-fuel_tools4 -- found version 4.4.0
[2.471s] -- Searching for dependencies of ignition-fuel_tools4
[2.577s] -- Found CURL: /usr/lib/x86_64-linux-gnu/libcurl.so (found version "7.81.0")  
[2.586s] -- Checking for module 'jsoncpp'
[2.605s] --   Found jsoncpp, version 1.9.5
[2.650s] -- Found JSONCPP: TRUE  
[2.656s] -- Checking for module 'libzip'
[2.674s] --   Found libzip, version 1.7.3
[2.720s] -- Found ZIP: TRUE  
[2.720s] -- Looking for ignition-common3 -- found version 3.14.0
[2.721s] -- Looking for ignition-math6 -- found version 6.15.1
[2.721s] -- Looking for ignition-msgs5 -- found version 5.8.1
[2.724s] -- Gazebo version: 11.10
[2.725s] -- Checking for module 'tbb'
[2.745s] --   Found tbb, version 2021.5.0
[2.816s] -- Found ament_lint_auto: 0.12.11 (/opt/ros/humble/share/ament_lint_auto/cmake)
[2.915s] -- Added test 'cppcheck' to perform static code analysis on C / C++ code
[2.915s] -- Configured cppcheck include dirs: 
[2.915s] -- Configured cppcheck exclude dirs and/or files: 
[2.916s] -- Added test 'lint_cmake' to check CMake code style
[2.918s] -- Added test 'uncrustify' to check C / C++ code style
[2.918s] -- Configured uncrustify additional arguments: 
[2.919s] -- Added test 'xmllint' to check XML markup files
[2.921s] -- Configuring done
[2.956s] -- Generating done
[2.959s] -- Build files have been written to: /home/student/ros2_ws/build/sprint3
[2.979s] Invoked command in '/home/student/ros2_ws/build/sprint3' returned '0': CMAKE_PREFIX_PATH=${CMAKE_PREFIX_PATH}:/home/student/ros2_ws/install/turtlebot3_teleop:/home/student/ros2_ws/install/turtlebot3_example:/home/student/ros2_ws/install/rtabmap_python:/opt/ros/humble /usr/bin/cmake /home/student/ros2_ws/src/sprint3 -DCMAKE_INSTALL_PREFIX=/home/student/ros2_ws/install/sprint3
[2.981s] Invoking command in '/home/student/ros2_ws/build/sprint3': CMAKE_PREFIX_PATH=${CMAKE_PREFIX_PATH}:/home/student/ros2_ws/install/turtlebot3_teleop:/home/student/ros2_ws/install/turtlebot3_example:/home/student/ros2_ws/install/rtabmap_python:/opt/ros/humble /usr/bin/cmake --build /home/student/ros2_ws/build/sprint3 -- -j8 -l8
[3.055s] [ 16%] [32mBuilding CXX object CMakeFiles/map_overlay_node.dir/src/map_overlay_node.cpp.o[0m
[4.599s] [ 33%] [32m[1mLinking CXX executable map_overlay_node[0m
[5.115s] [ 33%] Built target map_overlay_node
[5.144s] [ 50%] [32mBuilding CXX object CMakeFiles/cylinder_adder_node.dir/src/cylinder_adder_node.cpp.o[0m
[5.400s] [01m[K/home/student/ros2_ws/src/sprint3/src/cylinder_adder_node.cpp:3:10:[m[K [01;31m[Kfatal error: [m[Kgazebo_ros/gazebo_ros.hpp: No such file or directory
[5.400s]     3 | #include [01;31m[K"gazebo_ros/gazebo_ros.hpp"[m[K
[5.400s]       |          [01;31m[K^~~~~~~~~~~~~~~~~~~~~~~~~~~[m[K
[5.400s] compilation terminated.
[5.401s] gmake[2]: *** [CMakeFiles/cylinder_adder_node.dir/build.make:76: CMakeFiles/cylinder_adder_node.dir/src/cylinder_adder_node.cpp.o] Error 1
[5.402s] gmake[1]: *** [CMakeFiles/Makefile2:193: CMakeFiles/cylinder_adder_node.dir/all] Error 2
[5.402s] gmake: *** [Makefile:146: all] Error 2
[5.405s] Invoked command in '/home/student/ros2_ws/build/sprint3' returned '2': CMAKE_PREFIX_PATH=${CMAKE_PREFIX_PATH}:/home/student/ros2_ws/install/turtlebot3_teleop:/home/student/ros2_ws/install/turtlebot3_example:/home/student/ros2_ws/install/rtabmap_python:/opt/ros/humble /usr/bin/cmake --build /home/student/ros2_ws/build/sprint3 -- -j8 -l8
